{
  "0 debug pnpm:scope": {
    "selected": 1
  },
  "1 error pnpm": {
    "errno": 1,
    "code": "ELIFECYCLE",
    "pkgid": "vite-vue-tempalte@0.0.0",
    "stage": "test",
    "script": "vitest --environment jsdom \"AuthPage\"",
    "pkgname": "vite-vue-tempalte",
    "err": {
      "name": "pnpm",
      "message": "vite-vue-tempalte@0.0.0 test: `vitest --environment jsdom \"AuthPage\"`\nExit status 1",
      "code": "ELIFECYCLE",
      "stack": "pnpm: vite-vue-tempalte@0.0.0 test: `vitest --environment jsdom \"AuthPage\"`\nExit status 1\n    at EventEmitter.<anonymous> (/usr/local/lib/node_modules/pnpm/dist/pnpm.cjs:106886:20)\n    at EventEmitter.emit (node:events:390:28)\n    at ChildProcess.<anonymous> (/usr/local/lib/node_modules/pnpm/dist/pnpm.cjs:93455:18)\n    at ChildProcess.emit (node:events:390:28)\n    at maybeClose (node:internal/child_process:1064:16)\n    at Process.ChildProcess._handle.onexit (node:internal/child_process:301:5)"
    }
  },
  "2 warn pnpm:global": " Local package.json exists, but node_modules missing, did you mean to install?"
}